[2022-05-10 16:25:06.169] [puff::index::jointLog] [info] Running fixFasta
[2022-05-10 16:25:06.221] [puff::index::jointLog] [warning] Removed 11 transcripts that were sequence duplicates of indexed transcripts.
[2022-05-10 16:25:06.221] [puff::index::jointLog] [warning] If you wish to retain duplicate transcripts, please use the `--keepDuplicates` flag
[2022-05-10 16:25:06.229] [puff::index::jointLog] [info] Replaced 0 non-ATCG nucleotides
[2022-05-10 16:25:06.229] [puff::index::jointLog] [info] Clipped poly-A tails from 0 transcripts
[2022-05-10 16:25:06.235] [puff::index::jointLog] [info] Filter size not provided; estimating from number of distinct k-mers
[2022-05-10 16:25:06.269] [puff::index::jointLog] [info] ntHll estimated 1629988 distinct k-mers, setting filter size to 2^25
[2022-05-10 16:25:06.919] [puff::index::jointLog] [info] Starting the Pufferfish indexing by reading the GFA binary file.
[2022-05-10 16:25:06.919] [puff::index::jointLog] [info] Setting the index/BinaryGfa directory /Volumes/EX_SSD/HeatCold_RNAseq/data/genome/pfu_index
[2022-05-10 16:25:06.923] [puff::index::jointLog] [info] Done wrapping the rank vector with a rank9sel structure.
[2022-05-10 16:25:06.923] [puff::index::jointLog] [info] contig count for validation: 2,344
[2022-05-10 16:25:06.924] [puff::index::jointLog] [info] Total # of Contigs : 2,344
[2022-05-10 16:25:06.924] [puff::index::jointLog] [info] Total # of numerical Contigs : 2,344
[2022-05-10 16:25:06.924] [puff::index::jointLog] [info] Total # of contig vec entries: 2,580
[2022-05-10 16:25:06.924] [puff::index::jointLog] [info] bits per offset entry 12
[2022-05-10 16:25:06.924] [puff::index::jointLog] [info] Done constructing the contig vector. 2345
[2022-05-10 16:25:06.926] [puff::index::jointLog] [info] # segments = 2,344
[2022-05-10 16:25:06.926] [puff::index::jointLog] [info] total length = 1,734,794
[2022-05-10 16:25:06.926] [puff::index::jointLog] [info] Reading the reference files ...
[2022-05-10 16:25:06.934] [puff::index::jointLog] [info] positional integer width = 21
[2022-05-10 16:25:06.934] [puff::index::jointLog] [info] seqSize = 1,734,794
[2022-05-10 16:25:06.934] [puff::index::jointLog] [info] rankSize = 1,734,794
[2022-05-10 16:25:06.934] [puff::index::jointLog] [info] edgeVecSize = 0
[2022-05-10 16:25:06.934] [puff::index::jointLog] [info] num keys = 1,664,474
[2022-05-10 16:25:07.023] [puff::index::jointLog] [info] mphf size = 1.04035 MB
[2022-05-10 16:25:07.025] [puff::index::jointLog] [info] chunk size = 867,397
[2022-05-10 16:25:07.025] [puff::index::jointLog] [info] chunk 0 = [0, 867,397)
[2022-05-10 16:25:07.025] [puff::index::jointLog] [info] chunk 1 = [867,397, 1,734,764)
[2022-05-10 16:25:07.107] [puff::index::jointLog] [info] finished populating pos vector
[2022-05-10 16:25:07.107] [puff::index::jointLog] [info] writing index components
[2022-05-10 16:25:07.121] [puff::index::jointLog] [info] finished writing dense pufferfish index
